# JRE version: OpenJDK Runtime Environment (23.0.1+11) (build 23.0.1+11-39)
# Java VM: OpenJDK 64-Bit Server VM (23.0.1+11-39, mixed mode, sharing, tiered, compressed oops, compressed class ptrs, g1 gc, windows-amd64)
GC Precious Log:
 CardTable entry size: 512
 Card Set container configuration: InlinePtr #cards 5 size 8 Array Of Cards #cards 10 size 36 Howl #buckets 4 coarsen threshold 1843 Howl Bitmap #cards 512 size 80 coarsen threshold 460 Card regions per heap region 1 cards per card region 2048
 CPUs: 12 total, 12 available
 Memory: 7955M
 Large Page Support: Disabled
 NUMA Support: Disabled
 Compressed Oops: Enabled (32-bit)
 Heap Region Size: 1M
 Heap Min Capacity: 8M
 Heap Initial Capacity: 126M
 Heap Max Capacity: 1990M
 Pre-touch: Disabled
 Parallel Workers: 10
 Concurrent Workers: 3
 Concurrent Refinement Workers: 10
 Periodic GC: Disabled
Heap:
 garbage-first heap   total reserved 2037760K, committed 133120K, used 39874K [0x0000000083a00000, 0x0000000100000000)
  region size 1024K, 4 young (4096K), 1 survivors (1024K)
 Metaspace       used 66069K, committed 67136K, reserved 1114112K
  class space    used 8495K, committed 9088K, reserved 1048576K
GC Heap History (20 events):
Event: 6704.833 GC heap before
{Heap before GC invocations=51 (full 0):
 garbage-first heap   total reserved 2037760K, committed 137216K, used 43606K [0x0000000083a00000, 0x0000000100000000)
  region size 1024K, 6 young (6144K), 1 survivors (1024K)
 Metaspace       used 66008K, committed 67136K, reserved 1114112K
  class space    used 8494K, committed 9088K, reserved 1048576K
}
Event: 6704.899 GC heap after
{Heap after GC invocations=52 (full 0):
 garbage-first heap   total reserved 2037760K, committed 137216K, used 38500K [0x0000000083a00000, 0x0000000100000000)
  region size 1024K, 1 young (1024K), 1 survivors (1024K)
 Metaspace       used 66008K, committed 67136K, reserved 1114112K
  class space    used 8494K, committed 9088K, reserved 1048576K
}
Event: 6875.084 GC heap before
{Heap before GC invocations=52 (full 0):
 garbage-first heap   total reserved 2037760K, committed 137216K, used 43620K [0x0000000083a00000, 0x0000000100000000)
  region size 1024K, 6 young (6144K), 1 survivors (1024K)
 Metaspace       used 66026K, committed 67136K, reserved 1114112K
  class space    used 8494K, committed 9088K, reserved 1048576K
}
Event: 6875.512 GC heap after
{Heap after GC invocations=53 (full 0):
 garbage-first heap   total reserved 2037760K, committed 137216K, used 38228K [0x0000000083a00000, 0x0000000100000000)
  region size 1024K, 1 young (1024K), 1 survivors (1024K)
 Metaspace       used 66026K, committed 67136K, reserved 1114112K
  class space    used 8494K, committed 9088K, reserved 1048576K
}
Event: 7030.592 GC heap before
{Heap before GC invocations=53 (full 0):
 garbage-first heap   total reserved 2037760K, committed 137216K, used 43348K [0x0000000083a00000, 0x0000000100000000)
  region size 1024K, 6 young (6144K), 1 survivors (1024K)
 Metaspace       used 66034K, committed 67136K, reserved 1114112K
  class space    used 8495K, committed 9088K, reserved 1048576K
}
Event: 7031.081 GC heap after
{Heap after GC invocations=54 (full 0):
 garbage-first heap   total reserved 2037760K, committed 137216K, used 38249K [0x0000000083a00000, 0x0000000100000000)
  region size 1024K, 1 young (1024K), 1 survivors (1024K)
 Metaspace       used 66034K, committed 67136K, reserved 1114112K
  class space    used 8495K, committed 9088K, reserved 1048576K
}
Event: 7173.523 GC heap before
{Heap before GC invocations=55 (full 0):
 garbage-first heap   total reserved 2037760K, committed 137216K, used 42345K [0x0000000083a00000, 0x0000000100000000)
  region size 1024K, 6 young (6144K), 1 survivors (1024K)
 Metaspace       used 66042K, committed 67136K, reserved 1114112K
  class space    used 8495K, committed 9088K, reserved 1048576K
}
Event: 7173.535 GC heap after
{Heap after GC invocations=56 (full 0):
 garbage-first heap   total reserved 2037760K, committed 137216K, used 38245K [0x0000000083a00000, 0x0000000100000000)
  region size 1024K, 1 young (1024K), 1 survivors (1024K)
 Metaspace       used 66042K, committed 67136K, reserved 1114112K
  class space    used 8495K, committed 9088K, reserved 1048576K
}
Event: 7299.205 GC heap before
{Heap before GC invocations=56 (full 0):
 garbage-first heap   total reserved 2037760K, committed 137216K, used 42341K [0x0000000083a00000, 0x0000000100000000)
  region size 1024K, 6 young (6144K), 1 survivors (1024K)
 Metaspace       used 66052K, committed 67136K, reserved 1114112K
  class space    used 8495K, committed 9088K, reserved 1048576K
}
Event: 7299.220 GC heap after
{Heap after GC invocations=57 (full 0):
 garbage-first heap   total reserved 2037760K, committed 137216K, used 38246K [0x0000000083a00000, 0x0000000100000000)
  region size 1024K, 1 young (1024K), 1 survivors (1024K)
 Metaspace       used 66052K, committed 67136K, reserved 1114112K
  class space    used 8495K, committed 9088K, reserved 1048576K
}
Event: 7424.984 GC heap before
{Heap before GC invocations=57 (full 0):
 garbage-first heap   total reserved 2037760K, committed 137216K, used 43366K [0x0000000083a00000, 0x0000000100000000)
  region size 1024K, 6 young (6144K), 1 survivors (1024K)
 Metaspace       used 66054K, committed 67136K, reserved 1114112K
  class space    used 8495K, committed 9088K, reserved 1048576K
}
Event: 7425.234 GC heap after
{Heap after GC invocations=58 (full 0):
 garbage-first heap   total reserved 2037760K, committed 137216K, used 38004K [0x0000000083a00000, 0x0000000100000000)
  region size 1024K, 1 young (1024K), 1 survivors (1024K)
 Metaspace       used 66054K, committed 67136K, reserved 1114112K
  class space    used 8495K, committed 9088K, reserved 1048576K
}
Event: 7575.631 GC heap before
{Heap before GC invocations=58 (full 0):
 garbage-first heap   total reserved 2037760K, committed 137216K, used 42100K [0x0000000083a00000, 0x0000000100000000)
  region size 1024K, 6 young (6144K), 1 survivors (1024K)
 Metaspace       used 66055K, committed 67136K, reserved 1114112K
  class space    used 8495K, committed 9088K, reserved 1048576K
}
Event: 7576.219 GC heap after
{Heap after GC invocations=59 (full 0):
 garbage-first heap   total reserved 2037760K, committed 137216K, used 38002K [0x0000000083a00000, 0x0000000100000000)
  region size 1024K, 1 young (1024K), 1 survivors (1024K)
 Metaspace       used 66055K, committed 67136K, reserved 1114112K
  class space    used 8495K, committed 9088K, reserved 1048576K
}
Event: 7729.229 GC heap before
{Heap before GC invocations=60 (full 0):
 garbage-first heap   total reserved 2037760K, committed 133120K, used 43122K [0x0000000083a00000, 0x0000000100000000)
  region size 1024K, 6 young (6144K), 1 survivors (1024K)
 Metaspace       used 66056K, committed 67136K, reserved 1114112K
  class space    used 8495K, committed 9088K, reserved 1048576K
}
Event: 7729.265 GC heap after
{Heap after GC invocations=61 (full 0):
 garbage-first heap   total reserved 2037760K, committed 133120K, used 38018K [0x0000000083a00000, 0x0000000100000000)
  region size 1024K, 1 young (1024K), 1 survivors (1024K)
 Metaspace       used 66056K, committed 67136K, reserved 1114112K
  class space    used 8495K, committed 9088K, reserved 1048576K
}
Event: 7903.123 GC heap before
{Heap before GC invocations=61 (full 0):
 garbage-first heap   total reserved 2037760K, committed 133120K, used 42114K [0x0000000083a00000, 0x0000000100000000)
  region size 1024K, 6 young (6144K), 1 survivors (1024K)
 Metaspace       used 66068K, committed 67136K, reserved 1114112K
  class space    used 8495K, committed 9088K, reserved 1048576K
}
Event: 7903.151 GC heap after
{Heap after GC invocations=62 (full 0):
 garbage-first heap   total reserved 2037760K, committed 133120K, used 37987K [0x0000000083a00000, 0x0000000100000000)
  region size 1024K, 1 young (1024K), 1 survivors (1024K)
 Metaspace       used 66068K, committed 67136K, reserved 1114112K
  class space    used 8495K, committed 9088K, reserved 1048576K
}
Event: 8060.694 GC heap before
{Heap before GC invocations=62 (full 0):
 garbage-first heap   total reserved 2037760K, committed 133120K, used 43107K [0x0000000083a00000, 0x0000000100000000)
  region size 1024K, 6 young (6144K), 1 survivors (1024K)
 Metaspace       used 66069K, committed 67136K, reserved 1114112K
  class space    used 8495K, committed 9088K, reserved 1048576K
}
Event: 8060.775 GC heap after
{Heap after GC invocations=63 (full 0):
 garbage-first heap   total reserved 2037760K, committed 133120K, used 37826K [0x0000000083a00000, 0x0000000100000000)
  region size 1024K, 1 young (1024K), 1 survivors (1024K)
 Metaspace       used 66069K, committed 67136K, reserved 1114112K
  class space    used 8495K, committed 9088K, reserved 1048576K
}

